TN:
SF:/home/pacs_student/Desktop/pacs/Exercises/Challenges/Challenge3/LorenzoSala/integer-list.cpp
FN:6,main
FN:63,_Z41__static_initialization_and_destruction_0ii
FN:63,_GLOBAL__I_main
FNDA:8,main
FNDA:8,_Z41__static_initialization_and_destruction_0ii
FNDA:8,_GLOBAL__I_main
FNF:3
FNH:3
DA:6,8
DA:9,8
DA:10,4
DA:11,4
DA:14,4
DA:17,4
DA:18,4
DA:19,4
DA:20,4
DA:23,30
DA:25,22
DA:26,22
DA:30,4
DA:31,4
DA:34,4
DA:42,4
DA:43,4
DA:45,4
DA:47,4
DA:48,4
DA:51,4
DA:52,4
DA:55,4
DA:56,4
DA:59,4
DA:60,4
DA:62,4
DA:63,24
LF:28
LH:28
end_of_record
SF:/home/pacs_student/Desktop/pacs/Exercises/Challenges/Challenge3/LorenzoSala/integer-list.h
FN:7,_ZN4NodeC2Ev
FN:9,_ZN4NodeC2Ei
FN:11,_ZN4NodeD2Ev
FN:16,_ZN4Node7setDataEi
FN:19,_ZN4Node7getDataEv
FN:22,_ZN4Node7setNextEPS_
FN:26,_ZN4Node7getNextEv
FN:29,_ZN4Node11setPreviousEPS_
FN:38,_ZN4Node7isFirstEv
FN:42,_ZN4Node6isLastEv
FN:46,_ZN4Node4sizeEv
FN:72,_ZN4Node9appendNewEi
FN:85,_ZN4Node5eraseEv
FN:101,_ZN4Node4swapEPS_S0_
FN:128,_ZN4Node4findEi
FN:144,_ZN4Node5printEv
FNDA:4,_ZN4NodeC2Ev
FNDA:26,_ZN4NodeC2Ei
FNDA:30,_ZN4NodeD2Ev
FNDA:4,_ZN4Node7setDataEi
FNDA:109,_ZN4Node7getDataEv
FNDA:29,_ZN4Node7setNextEPS_
FNDA:200,_ZN4Node7getNextEv
FNDA:25,_ZN4Node11setPreviousEPS_
FNDA:4,_ZN4Node7isFirstEv
FNDA:242,_ZN4Node6isLastEv
FNDA:4,_ZN4Node4sizeEv
FNDA:22,_ZN4Node9appendNewEi
FNDA:5,_ZN4Node5eraseEv
FNDA:5,_ZN4Node4swapEPS_S0_
FNDA:12,_ZN4Node4findEi
FNDA:12,_ZN4Node5printEv
FNF:16
FNH:16
DA:7,4
DA:9,26
DA:11,30
DA:12,30
DA:16,4
DA:19,109
DA:22,29
DA:23,29
DA:26,200
DA:29,25
DA:30,25
DA:38,4
DA:42,242
DA:46,4
DA:48,4
DA:49,4
DA:50,27
DA:52,19
DA:53,19
DA:55,4
DA:72,22
DA:74,22
DA:75,128
DA:76,84
DA:78,22
DA:79,22
DA:80,22
DA:81,22
DA:85,5
DA:87,5
DA:88,1
DA:89,4
DA:90,1
DA:91,1
DA:92,1
DA:95,3
DA:96,3
DA:97,3
DA:98,3
DA:101,5
DA:102,5
DA:103,2
DA:105,3
DA:106,3
DA:107,3
DA:108,3
DA:128,12
DA:130,12
DA:131,2
DA:133,10
DA:134,48
DA:136,34
DA:137,34
DA:138,6
DA:140,4
DA:144,12
DA:146,12
DA:147,87
DA:149,63
DA:150,63
DA:152,12
DA:153,12
LF:62
LH:62
end_of_record
SF:/usr/include/c++/4.4.7/bits/basic_ios.h
FN:46,_ZSt13__check_facetISt5ctypeIcEERKT_PS3_
FN:127,_ZNKSt9basic_iosIcSt11char_traitsIcEE7rdstateEv
FN:147,_ZNSt9basic_iosIcSt11char_traitsIcEE8setstateESt12_Ios_Iostate
FN:439,_ZNKSt9basic_iosIcSt11char_traitsIcEE5widenEc
FNDA:0,_ZSt13__check_facetISt5ctypeIcEERKT_PS3_
FNDA:0,_ZNKSt9basic_iosIcSt11char_traitsIcEE7rdstateEv
FNDA:0,_ZNSt9basic_iosIcSt11char_traitsIcEE8setstateESt12_Ios_Iostate
FNDA:0,_ZNKSt9basic_iosIcSt11char_traitsIcEE5widenEc
FNF:4
FNH:0
DA:46,0
DA:48,0
DA:49,0
DA:50,0
DA:127,0
DA:128,0
DA:147,0
DA:148,0
DA:439,0
DA:440,0
LF:10
LH:0
end_of_record
SF:/usr/include/c++/4.4.7/bits/char_traits.h
FN:262,_ZNSt11char_traitsIcE6lengthEPKc
FNDA:0,_ZNSt11char_traitsIcE6lengthEPKc
FNF:1
FNH:0
DA:262,0
DA:263,0
LF:2
LH:0
end_of_record
SF:/usr/include/c++/4.4.7/bits/ios_base.h
FN:166,_ZStorSt12_Ios_IostateS_
FNDA:0,_ZStorSt12_Ios_IostateS_
FNF:1
FNH:0
DA:166,0
DA:167,0
LF:2
LH:0
end_of_record
SF:/usr/include/c++/4.4.7/bits/locale_facets.h
FN:865,_ZNKSt5ctypeIcE5widenEc
FNDA:0,_ZNKSt5ctypeIcE5widenEc
FNF:1
FNH:0
DA:865,0
DA:867,0
DA:868,0
DA:869,0
DA:870,0
LF:5
LH:0
end_of_record
SF:/usr/include/c++/4.4.7/iostream
DA:72,8
LF:1
LH:1
end_of_record
SF:/usr/include/c++/4.4.7/ostream
FN:108,_ZNSolsEPFRSoS_E
FN:505,_ZStlsISt11char_traitsIcEERSt13basic_ostreamIcT_ES5_PKc
FN:538,_ZSt4endlIcSt11char_traitsIcEERSt13basic_ostreamIT_T0_ES6_
FN:559,_ZSt5flushIcSt11char_traitsIcEERSt13basic_ostreamIT_T0_ES6_
FNDA:0,_ZNSolsEPFRSoS_E
FNDA:0,_ZStlsISt11char_traitsIcEERSt13basic_ostreamIcT_ES5_PKc
FNDA:0,_ZSt4endlIcSt11char_traitsIcEERSt13basic_ostreamIT_T0_ES6_
FNDA:0,_ZSt5flushIcSt11char_traitsIcEERSt13basic_ostreamIT_T0_ES6_
FNF:4
FNH:0
DA:108,0
DA:113,0
DA:505,0
DA:507,0
DA:508,0
DA:510,0
DA:512,0
DA:538,0
DA:539,0
DA:559,0
DA:560,0
LF:11
LH:0
end_of_record
