TN:
SF:/u/geo2/sw/Packages/compilers/gcc+system/4.9/include/c++/4.9.0/bits/basic_ios.h
FN:46,_ZSt13__check_facetISt5ctypeIcEERKT_PS3_
FNDA:0,_ZSt13__check_facetISt5ctypeIcEERKT_PS3_
FNF:1
FNH:0
DA:46,0
DA:48,0
DA:49,0
DA:50,0
LF:4
LH:0
end_of_record
SF:/u/geo2/sw/Packages/compilers/gcc+system/4.9/include/c++/4.9.0/bits/char_traits.h
FN:262,_ZNSt11char_traitsIcE6lengthEPKc
FNDA:0,_ZNSt11char_traitsIcE6lengthEPKc
FNF:1
FNH:0
DA:262,0
DA:263,0
LF:2
LH:0
end_of_record
SF:/u/geo2/sw/Packages/compilers/gcc+system/4.9/include/c++/4.9.0/bits/ios_base.h
FN:157,_ZStorSt12_Ios_IostateS_
FNDA:0,_ZStorSt12_Ios_IostateS_
FNF:1
FNH:0
DA:157,0
DA:158,0
LF:2
LH:0
end_of_record
SF:/u/geo2/sw/Packages/compilers/gcc+system/4.9/include/c++/4.9.0/bits/locale_facets.h
FN:865,_ZNKSt5ctypeIcE5widenEc
FNDA:0,_ZNKSt5ctypeIcE5widenEc
FNF:1
FNH:0
DA:865,0
DA:867,0
DA:868,0
DA:869,0
DA:870,0
LF:5
LH:0
end_of_record
SF:/u/geo2/sw/Packages/compilers/gcc+system/4.9/include/c++/4.9.0/iostream
DA:74,1
LF:1
LH:1
end_of_record
SF:/home/pacs_student/Desktop/pacs/Exercises/99-gdbvalgrind/buggy/integer-list.cpp
FN:6,main
FN:42,_Z41__static_initialization_and_destruction_0ii
FN:42,_GLOBAL__sub_I_main
FNDA:1,main
FNDA:1,_GLOBAL__sub_I_main
FNDA:1,_Z41__static_initialization_and_destruction_0ii
FNF:3
FNH:3
DA:6,1
DA:17,1
DA:20,1
DA:23,11
DA:25,9
DA:26,9
DA:30,1
DA:33,1
DA:36,1
DA:39,1
DA:41,1
DA:42,3
LF:12
LH:12
end_of_record
SF:/home/pacs_student/Desktop/pacs/Exercises/99-gdbvalgrind/buggy/integer-list.h
FN:9,_ZN4NodeC2Ei
FN:11,_ZN4NodeD2Ev
FN:21,_ZN4Node7getDataEv
FN:24,_ZN4Node7setNextEPS_
FN:31,_ZN4Node11setPreviousEPS_
FN:44,_ZN4Node6isLastEv
FN:74,_ZN4Node9appendNewEi
FN:87,_ZN4Node5eraseEv
FN:108,_ZN4Node4findEi
FN:124,_ZN4Node5printEv
FNDA:10,_ZN4NodeC2Ei
FNDA:10,_ZN4NodeD2Ev
FNDA:23,_ZN4Node7getDataEv
FNDA:10,_ZN4Node7setNextEPS_
FNDA:10,_ZN4Node11setPreviousEPS_
FNDA:68,_ZN4Node6isLastEv
FNDA:9,_ZN4Node9appendNewEi
FNDA:1,_ZN4Node5eraseEv
FNDA:1,_ZN4Node4findEi
FNDA:2,_ZN4Node5printEv
FNF:10
FNH:10
DA:9,10
DA:11,10
DA:12,10
DA:13,8
DA:14,10
DA:21,23
DA:24,10
DA:25,10
DA:31,10
DA:32,10
DA:44,68
DA:74,9
DA:76,9
DA:77,54
DA:78,36
DA:80,9
DA:81,9
DA:82,9
DA:83,9
DA:87,1
DA:88,1
DA:89,1
DA:90,1
DA:91,1
DA:92,1
DA:93,1
DA:108,1
DA:110,1
DA:111,0
DA:113,1
DA:114,5
DA:116,4
DA:117,4
DA:118,1
DA:120,0
DA:124,2
DA:126,2
DA:127,2
DA:129,2
DA:130,21
DA:132,17
DA:133,17
DA:135,2
LF:43
LH:41
end_of_record
